2019-06-30 15:12:35,610:__main__: INFO : Trying to import pygame
2019-06-30 15:15:46,337:__main__: INFO : Trying to import pygame
2019-06-30 15:15:46,337:__main__: INFO : Success..
2019-06-30 15:15:46,337:__main__: INFO : Running game..
2019-06-30 15:16:35,522:__main__: WARNING : Trying to import pygame
2019-06-30 15:16:35,522:__main__: INFO : Success..
2019-06-30 15:16:35,523:__main__: INFO : Pygame not installed
2019-06-30 15:16:59,482:__main__: INFO : Pip not installed on system
2019-06-30 15:16:59,482:__main__: INFO : Trying to install Pip..
2019-06-30 15:17:02,467:__main__: WARNING : Trying to import pygame
2019-06-30 15:17:02,467:__main__: INFO : Success..
2019-06-30 15:17:02,467:__main__: INFO : Pygame not installed
2019-06-30 15:17:03,563:__main__: INFO : Pip not installed on system
2019-06-30 15:17:03,566:__main__: INFO : Trying to install Pip..
2019-06-30 15:17:04,871:pip._internal.vcs: DEBUG : Registered VCS backend: git
2019-06-30 15:17:04,873:pip._internal.vcs: DEBUG : Registered VCS backend: hg
2019-06-30 15:17:04,876:pip._internal.vcs: DEBUG : Registered VCS backend: svn
2019-06-30 15:17:04,878:pip._internal.vcs: DEBUG : Registered VCS backend: bzr
2019-06-30 15:17:05,789:pip._internal.configuration: DEBUG : For variant 'global', will try loading 'C:\ProgramData\pip\pip.ini'
2019-06-30 15:17:05,790:pip._internal.configuration: DEBUG : For variant 'user', will try loading 'C:\Users\JC\pip\pip.ini'
2019-06-30 15:17:05,790:pip._internal.configuration: DEBUG : For variant 'user', will try loading 'C:\Users\JC\AppData\Roaming\pip\pip.ini'
2019-06-30 15:17:05,791:pip._internal.configuration: DEBUG : For variant 'site', will try loading 'C:\Users\JC\Documents\DLSU\machineproject202\mpenv\pip.ini'
2019-06-30 15:17:05,793:pip._internal.configuration: DEBUG : For variant 'global', will try loading 'C:\ProgramData\pip\pip.ini'
2019-06-30 15:17:05,793:pip._internal.configuration: DEBUG : For variant 'user', will try loading 'C:\Users\JC\pip\pip.ini'
2019-06-30 15:17:05,794:pip._internal.configuration: DEBUG : For variant 'user', will try loading 'C:\Users\JC\AppData\Roaming\pip\pip.ini'
2019-06-30 15:17:05,795:pip._internal.configuration: DEBUG : For variant 'site', will try loading 'C:\Users\JC\Documents\DLSU\machineproject202\mpenv\pip.ini'
2019-06-30 15:17:05,795:pip._internal.configuration: DEBUG : For variant 'global', will try loading 'C:\ProgramData\pip\pip.ini'
2019-06-30 15:17:05,796:pip._internal.configuration: DEBUG : For variant 'user', will try loading 'C:\Users\JC\pip\pip.ini'
2019-06-30 15:17:05,796:pip._internal.configuration: DEBUG : For variant 'user', will try loading 'C:\Users\JC\AppData\Roaming\pip\pip.ini'
2019-06-30 15:17:05,797:pip._internal.configuration: DEBUG : For variant 'site', will try loading 'C:\Users\JC\Documents\DLSU\machineproject202\mpenv\pip.ini'
2019-06-30 15:17:22,435:__main__: WARNING : Trying to import pygame
2019-06-30 15:17:22,436:__main__: INFO : Success..
2019-06-30 15:17:22,436:__main__: INFO : Running game..
2019-06-30 15:17:29,070:__main__: WARNING : Trying to import pygame
2019-06-30 15:17:29,070:__main__: INFO : Success..
2019-06-30 15:17:29,071:__main__: INFO : Running game..
2019-06-30 15:17:32,421:__main__: WARNING : Trying to import pygame
2019-06-30 15:17:32,421:__main__: INFO : Success..
2019-06-30 15:17:32,422:__main__: INFO : Running game..
2019-06-30 15:17:34,468:__main__: WARNING : Trying to import pygame
2019-06-30 15:17:34,468:__main__: INFO : Success..
2019-06-30 15:17:34,469:__main__: INFO : Running game..
2019-06-30 15:17:37,137:__main__: WARNING : Trying to import pygame
2019-06-30 15:17:37,138:__main__: INFO : Success..
2019-06-30 15:17:37,138:__main__: INFO : Running game..
2019-06-30 15:19:04,282:__main__: WARNING : Trying to import pygame
2019-06-30 15:19:04,282:__main__: INFO : Success..
2019-06-30 15:19:04,283:__main__: INFO : Running game..
2019-06-30 15:19:17,781:__main__: WARNING : Trying to import pygame
2019-06-30 15:19:17,782:__main__: INFO : Success..
2019-06-30 15:19:17,783:__main__: INFO : Running game..
2019-06-30 15:20:47,005:__main__: WARNING : Trying to import pygame
2019-06-30 15:20:47,006:__main__: INFO : Pygame not installed
2019-06-30 15:20:54,832:__main__: INFO : Trying to install pygame via pip
2019-06-30 15:21:05,001:__main__: INFO : Pygame has been installed
2019-06-30 15:21:54,132:__main__: WARNING : Trying to import pygame
2019-06-30 15:21:54,133:__main__: INFO : Pygame not installed
2019-06-30 15:22:01,893:__main__: INFO : Trying to install pygame via pip
2019-06-30 15:22:10,428:__main__: INFO : Pygame has been installed
2019-06-30 15:31:46,528:__main__: WARNING : Trying to import pygame
2019-06-30 15:31:46,826:__main__: INFO : Success..
2019-06-30 15:31:46,827:__main__: INFO : Running game..
2019-06-30 15:33:02,920:__main__: WARNING : Trying to import pygame
2019-06-30 15:33:03,082:__main__: INFO : Success..
2019-06-30 15:33:03,083:__main__: INFO : Running game..
2019-06-30 15:33:22,095:__main__: WARNING : Trying to import pygame
2019-06-30 15:33:22,137:__main__: INFO : Success..
2019-06-30 15:33:22,138:__main__: INFO : Running game..
2019-06-30 15:34:34,564:__main__: WARNING : Trying to import pygame
2019-06-30 15:34:34,680:__main__: INFO : Success..
2019-06-30 15:34:34,681:__main__: INFO : Running game..
2019-06-30 15:34:47,500:__main__: WARNING : Trying to import pygame
2019-06-30 15:34:47,597:__main__: INFO : Success..
2019-06-30 15:34:47,598:__main__: INFO : Running game..
2019-06-30 15:42:02,761:__main__: WARNING : Trying to import pygame
2019-06-30 15:42:02,960:__main__: INFO : Success..
2019-06-30 15:42:02,962:__main__: INFO : Running game..
2019-06-30 15:42:15,757:__main__: ERROR : Could not connect: Server Offline
2019-06-30 15:42:17,777:__main__: ERROR : Could not connect: Server Offline
2019-06-30 15:42:19,780:__main__: ERROR : Could not connect: Server Offline
2019-06-30 15:42:24,176:__main__: ERROR : Could not connect: Server Offline
2019-06-30 15:42:35,019:__main__: ERROR : Could not connect: Server Offline
2019-06-30 15:42:52,392:__main__: ERROR : Could not connect: Server Offline
2019-06-30 15:42:57,095:__main__: WARNING : Trying to import pygame
2019-06-30 15:42:57,282:__main__: INFO : Success..
2019-06-30 15:42:57,284:__main__: INFO : Running game..
2019-06-30 15:43:04,250:__main__: ERROR : Could not connect: Server Offline
2019-06-30 15:43:06,283:__main__: ERROR : Could not connect: Server Offline
2019-06-30 15:43:08,286:__main__: ERROR : Could not connect: Server Offline
2019-06-30 15:43:10,292:__main__: ERROR : Could not connect: Server Offline
2019-06-30 15:43:39,629:__main__: ERROR : Could not connect: Server Offline
2019-06-30 15:43:43,530:__main__: WARNING : Trying to import pygame
2019-06-30 15:43:43,573:__main__: INFO : Success..
2019-06-30 15:43:43,574:__main__: INFO : Running game..
2019-06-30 15:48:39,102:__main__: WARNING : Trying to import pygame
2019-06-30 15:48:39,145:__main__: INFO : Success..
2019-06-30 15:48:39,146:__main__: INFO : Running game..
2019-06-30 15:48:47,728:__main__: ERROR : Could not connect: Server Offline
2019-06-30 15:49:12,569:__main__: ERROR : Could not connect: Server Offline
2019-06-30 16:00:02,544:__main__: WARNING : Trying to import pygame
2019-06-30 16:00:02,711:__main__: INFO : Success..
2019-06-30 16:00:02,712:__main__: INFO : Running game..
2019-06-30 16:00:17,712:__main__: ERROR : Could not connect: Server Offline
2019-06-30 16:00:35,481:__main__: WARNING : Trying to import pygame
2019-06-30 16:00:35,526:__main__: INFO : Success..
2019-06-30 16:00:35,526:__main__: INFO : Running game..
2019-06-30 16:00:57,674:__main__: WARNING : Trying to import pygame
2019-06-30 16:00:57,722:__main__: INFO : Success..
2019-06-30 16:00:57,722:__main__: INFO : Running game..
2019-06-30 16:01:17,680:__main__: WARNING : Trying to import pygame
2019-06-30 16:01:17,730:__main__: INFO : Success..
2019-06-30 16:01:17,730:__main__: INFO : Running game..
2019-06-30 16:01:29,551:__main__: ERROR : Could not connect: Server Offline
2019-06-30 16:01:31,618:__main__: ERROR : Could not connect: Server Offline
2019-06-30 16:01:32,887:__main__: WARNING : Trying to import pygame
2019-06-30 16:01:32,934:__main__: INFO : Success..
2019-06-30 16:01:32,935:__main__: INFO : Running game..
2019-06-30 16:01:38,579:__main__: ERROR : Could not connect: Server Offline
2019-06-30 16:02:42,119:__main__: ERROR : Could not connect: Server Offline
2019-06-30 16:02:54,159:__main__: WARNING : Trying to import pygame
2019-06-30 16:02:54,260:__main__: INFO : Success..
2019-06-30 16:02:54,260:__main__: INFO : Running game..
2019-06-30 16:03:09,075:__main__: ERROR : Could not connect: Server Offline
2019-06-30 16:03:53,538:__main__: WARNING : Trying to import pygame
2019-06-30 16:03:53,583:__main__: INFO : Success..
2019-06-30 16:03:53,584:__main__: INFO : Running game..
2019-06-30 16:05:42,215:__main__: ERROR : Could not connect: Server Offline
2019-06-30 16:08:13,735:__main__: WARNING : Trying to import pygame
2019-06-30 16:08:13,780:__main__: INFO : Success..
2019-06-30 16:08:13,780:__main__: INFO : Running game..
2019-06-30 16:08:31,784:__main__: ERROR : Could not connect: Server Offline
2019-06-30 16:15:23,551:__main__: WARNING : Trying to import pygame
2019-06-30 16:15:23,746:__main__: INFO : Success..
2019-06-30 16:15:23,748:__main__: INFO : Running game..
2019-06-30 16:15:39,436:__main__: ERROR : Could not connect: Server Offline
2019-06-30 16:15:58,385:__main__: ERROR : Could not connect: Server Offline
2019-06-30 17:12:20,552:__main__: WARNING : Trying to import pygame
2019-06-30 17:12:20,560:__main__: INFO : Pygame not installed
2019-06-30 17:12:27,662:__main__: INFO : Trying to install pygame via pip
2019-06-30 17:12:42,331:__main__: INFO : Pygame has been installed
2019-06-30 17:12:54,494:__main__: ERROR : Could not connect: Server Offline
2019-06-30 17:12:56,548:__main__: ERROR : Could not connect: Server Offline
2019-07-02 17:57:38,444:__main__: WARNING : Trying to import pygame
2019-07-02 17:57:38,449:__main__: INFO : Pygame not installed
2019-07-02 17:57:44,036:__main__: INFO : Pygame library required to play game. Exiting...
2019-07-02 17:57:44,037:__main__: INFO : Pip not installed on system
2019-07-02 17:57:44,038:__main__: INFO : Trying to install Pip..
2019-07-02 17:58:20,050:__main__: WARNING : Trying to import pygame
2019-07-02 17:58:20,055:__main__: INFO : Pygame not installed
2019-07-02 17:58:28,501:__main__: INFO : Trying to install pygame via pip
2019-07-02 17:59:06,574:__main__: INFO : Pygame has been installed
2019-07-02 17:59:37,310:__main__: ERROR : Could not connect: Server Offline
2019-07-02 18:00:04,230:__main__: ERROR : Could not connect: Server Offline
2019-07-02 18:01:58,873:__main__: WARNING : Trying to import pygame
2019-07-02 18:02:00,050:__main__: INFO : Success..
2019-07-02 18:02:00,052:__main__: INFO : Running game..
2019-07-02 18:02:17,636:__main__: ERROR : Could not connect: Server Offline
2019-07-05 18:39:40,385:__main__: WARNING : Trying to import pygame
2019-07-05 18:39:42,885:__main__: INFO : Success..
2019-07-05 18:39:42,886:__main__: INFO : Running game..
2019-07-05 18:52:08,384:__main__: WARNING : Trying to import pygame
2019-07-05 18:52:08,431:__main__: INFO : Success..
2019-07-05 18:52:08,431:__main__: INFO : Running game..
2019-07-05 18:52:15,457:__main__: ERROR : Could not connect: Server Offline
2019-07-05 18:52:30,984:__main__: WARNING : Trying to import pygame
2019-07-05 18:52:31,031:__main__: INFO : Success..
2019-07-05 18:52:31,031:__main__: INFO : Running game..
2019-07-05 19:00:35,883:__main__: WARNING : Trying to import pygame
2019-07-05 19:00:35,930:__main__: INFO : Success..
2019-07-05 19:00:35,930:__main__: INFO : Running game..
2019-07-05 19:00:48,017:__main__: ERROR : Could not connect: Server Offline
2019-07-05 19:03:35,977:__main__: ERROR : Could not connect: Server Offline
2019-07-05 19:43:24,696:__main__: WARNING : Trying to import pygame
2019-07-05 19:43:24,727:__main__: INFO : Success..
2019-07-05 19:43:24,727:__main__: INFO : Running game..
2019-07-05 19:44:04,859:__main__: ERROR : Could not connect: Server Offline
2019-07-05 19:47:34,576:__main__: WARNING : Trying to import pygame
2019-07-05 19:47:34,607:__main__: INFO : Success..
2019-07-05 19:47:34,607:__main__: INFO : Running game..
2019-07-05 19:48:35,598:__main__: ERROR : Could not connect: Server Offline
2019-07-05 19:49:06,633:__main__: WARNING : Trying to import pygame
2019-07-05 19:49:06,680:__main__: INFO : Success..
2019-07-05 19:49:06,680:__main__: INFO : Running game..
2019-07-05 19:49:19,511:__main__: ERROR : Could not connect: Server Offline
2019-07-05 19:50:14,399:__main__: WARNING : Trying to import pygame
2019-07-05 19:50:14,446:__main__: INFO : Success..
2019-07-05 19:50:14,446:__main__: INFO : Running game..
2019-07-05 19:50:17,495:__main__: ERROR : Could not connect: Server Offline
2019-07-05 19:50:20,181:__main__: ERROR : Could not connect: Server Offline
2019-07-05 19:50:35,608:__main__: ERROR : Could not connect: Server Offline
2019-07-05 19:51:43,205:__main__: WARNING : Trying to import pygame
2019-07-05 19:51:43,247:__main__: INFO : Success..
2019-07-05 19:51:43,247:__main__: INFO : Running game..
2019-07-05 19:51:45,498:__main__: ERROR : Could not connect: Server Offline
2019-07-05 19:52:05,446:__main__: WARNING : Trying to import pygame
2019-07-05 19:52:05,477:__main__: INFO : Success..
2019-07-05 19:52:05,477:__main__: INFO : Running game..
2019-07-05 19:52:08,708:__main__: ERROR : Could not connect: Server Offline
2019-07-05 19:54:47,276:__main__: WARNING : Trying to import pygame
2019-07-05 19:54:47,322:__main__: INFO : Success..
2019-07-05 19:54:47,322:__main__: INFO : Running game..
2019-07-05 19:55:13,885:__main__: ERROR : Could not connect: Server Offline
2019-07-05 20:22:31,655:__main__: WARNING : Trying to import pygame
2019-07-05 20:22:31,701:__main__: INFO : Success..
2019-07-05 20:22:31,701:__main__: INFO : Running game..
2019-07-05 20:22:40,925:__main__: ERROR : Could not connect: Server Offline
2019-07-05 20:23:17,479:__main__: ERROR : Could not connect: Server Offline
2019-07-05 20:23:23,829:__main__: WARNING : Trying to import pygame
2019-07-05 20:23:23,946:__main__: INFO : Success..
2019-07-05 20:23:23,946:__main__: INFO : Running game..
2019-07-05 20:23:28,582:__main__: ERROR : Could not connect: Server Offline
2019-07-05 20:25:18,935:__main__: WARNING : Trying to import pygame
2019-07-05 20:25:19,017:__main__: INFO : Success..
2019-07-05 20:25:19,018:__main__: INFO : Running game..
2019-07-05 20:25:30,416:__main__: ERROR : Could not connect: Server Offline
2019-07-05 20:25:34,920:__main__: INFO : Profile successfully created!
2019-07-05 20:58:16,961:__main__: WARNING : Trying to import pygame
2019-07-05 20:58:17,130:__main__: INFO : Success..
2019-07-05 20:58:17,131:__main__: INFO : Running game..
2019-07-05 20:58:22,747:__main__: INFO : Profile successfully created!
2019-07-05 20:59:07,431:__main__: ERROR : 'bytes' object has no attribute 'ready'
2019-07-05 20:59:07,442:__main__: ERROR : Could not connect: Server Offline
2019-07-05 21:05:51,450:__main__: WARNING : Trying to import pygame
2019-07-05 21:05:51,493:__main__: INFO : Success..
2019-07-05 21:05:51,493:__main__: INFO : Running game..
2019-07-05 21:05:53,389:__main__: INFO : Profile successfully created!
2019-07-05 21:24:29,090:__main__: ERROR : Could not connect: Server Offline
2019-07-05 21:53:33,108:__main__: WARNING : Trying to import pygame
2019-07-05 21:53:33,277:__main__: INFO : Success..
2019-07-05 21:53:33,278:__main__: INFO : Running game..
2019-07-05 21:53:34,719:__main__: INFO : Profile successfully created!
2019-07-05 21:54:14,859:__main__: ERROR : Could not connect: Server Offline
2019-07-05 22:02:43,066:__main__: WARNING : Trying to import pygame
2019-07-05 22:02:43,110:__main__: INFO : Success..
2019-07-05 22:02:43,112:__main__: INFO : Running game..
2019-07-05 22:02:44,853:__main__: INFO : Profile successfully created!
2019-07-05 22:02:45,873:__main__: ERROR : Could not connect: Server Offline
2019-07-05 22:04:03,540:__main__: WARNING : Trying to import pygame
2019-07-05 22:04:03,586:__main__: INFO : Success..
2019-07-05 22:04:03,587:__main__: INFO : Running game..
2019-07-05 22:04:20,917:__main__: INFO : Profile successfully created!
2019-07-05 22:04:32,802:__main__: ERROR : Could not connect: Server Offline
2019-07-08 20:51:28,829:__main__: WARNING : Trying to import pygame
2019-07-08 20:51:28,853:__main__: INFO : Pygame not installed
2019-07-08 20:51:37,305:__main__: INFO : Pygame library required to play game. Exiting...
2019-07-08 21:38:27,299:__main__: WARNING : Trying to import pygame
2019-07-08 21:38:32,532:__main__: INFO : Success..
2019-07-08 21:38:32,533:__main__: INFO : Running game..
2019-07-08 21:38:35,147:__main__: INFO : Profile successfully created!
2019-07-08 21:38:38,980:__main__: ERROR : Could not connect: Server Offline
2019-07-08 21:39:02,179:__main__: WARNING : Trying to import pygame
2019-07-08 21:39:02,223:__main__: INFO : Success..
2019-07-08 21:39:02,223:__main__: INFO : Running game..
2019-07-08 21:39:03,594:__main__: INFO : Profile successfully created!
2019-07-08 21:39:07,117:__main__: ERROR : Could not connect: Server Offline
2019-07-08 21:39:14,602:__main__: ERROR : Could not connect: Server Offline
2019-07-08 21:39:16,643:__main__: ERROR : Could not connect: Server Offline
2019-07-08 21:39:22,282:__main__: ERROR : Could not connect: Server Offline
2019-07-12 20:59:56,708:__main__: WARNING : Trying to import pygame
2019-07-12 21:00:01,714:__main__: INFO : Success..
2019-07-12 21:00:01,714:__main__: INFO : Running game..
2019-07-12 21:00:03,737:__main__: INFO : Profile successfully created!
2019-07-12 21:00:11,772:__main__: ERROR : Could not connect: Server Offline
2019-07-12 21:00:14,611:__main__: ERROR : Could not connect: Server Offline
2019-07-12 21:06:41,078:__main__: WARNING : Trying to import pygame
2019-07-12 21:06:42,944:__main__: INFO : Success..
2019-07-12 21:06:42,945:__main__: INFO : Running game..
2019-07-12 21:06:44,903:__main__: INFO : Profile successfully created!
2019-07-12 21:07:56,496:__main__: WARNING : Trying to import pygame
2019-07-12 21:07:56,498:__main__: INFO : Pygame not installed
2019-07-12 21:07:59,621:__main__: INFO : Pygame library required to play game. Exiting...
2019-07-12 21:08:39,020:__main__: WARNING : Trying to import pygame
2019-07-12 21:08:42,169:__main__: INFO : Success..
2019-07-12 21:08:42,170:__main__: INFO : Running game..
2019-07-12 21:08:44,080:__main__: INFO : Profile successfully created!
2019-07-12 21:08:47,025:__main__: ERROR : Could not connect: Server Offline
2019-07-12 21:08:53,377:__main__: ERROR : Could not connect: Server Offline
2019-07-12 21:09:07,681:__main__: WARNING : Trying to import pygame
2019-07-12 21:09:07,747:__main__: INFO : Success..
2019-07-12 21:09:07,747:__main__: INFO : Running game..
2019-07-12 21:09:09,025:__main__: INFO : Profile successfully created!
2019-07-12 21:10:27,014:__main__: ERROR : Could not connect: Server Offline
2019-07-13 22:08:10,056:__main__: WARNING : Trying to import pygame
2019-07-13 22:08:10,224:__main__: INFO : Success..
2019-07-13 22:08:10,225:__main__: INFO : Running game..
2019-07-13 22:08:32,027:__main__: INFO : Profile successfully created!
2019-07-13 23:13:14,107:__main__: WARNING : Trying to import pygame
2019-07-13 23:13:14,291:__main__: INFO : Success..
2019-07-13 23:13:14,292:__main__: INFO : Running game..
2019-07-13 23:13:16,420:__main__: INFO : Profile successfully created!
2019-07-13 23:13:19,807:__main__: ERROR : Could not connect: Server Offline
2019-07-13 23:13:29,291:__main__: ERROR : Could not connect: Server Offline
2019-07-13 23:13:34,870:__main__: ERROR : Could not connect: Server Offline
2019-07-13 23:13:51,997:__main__: WARNING : Trying to import pygame
2019-07-13 23:13:52,119:__main__: INFO : Success..
2019-07-13 23:13:52,120:__main__: INFO : Running game..
2019-07-13 23:13:53,261:__main__: INFO : Profile successfully created!
2019-07-13 23:14:46,274:__main__: ERROR : Could not connect: Server Offline
2019-07-13 23:51:53,981:__main__: WARNING : Trying to import pygame
2019-07-13 23:51:54,030:__main__: INFO : Success..
2019-07-13 23:51:54,030:__main__: INFO : Running game..
2019-07-13 23:52:15,016:__main__: WARNING : Trying to import pygame
2019-07-13 23:52:15,017:__main__: INFO : Pygame not installed
2019-07-13 23:52:29,031:__main__: INFO : Trying to install pygame via pip
2019-07-13 23:52:32,545:__main__: WARNING : Trying to import pygame
2019-07-13 23:52:32,547:__main__: INFO : Pygame not installed
2019-07-13 23:53:10,662:__main__: WARNING : Trying to import pygame
2019-07-13 23:53:10,664:__main__: INFO : Pygame not installed
2019-07-13 23:53:33,253:__main__: WARNING : Trying to import pygame
2019-07-13 23:53:33,254:__main__: INFO : Pygame not installed
2019-07-13 23:53:35,919:__main__: INFO : Pygame library required to play game. Exiting...
2019-07-14 00:46:54,796:__main__: WARNING : Trying to import pygame
2019-07-14 00:46:54,888:__main__: INFO : Success..
2019-07-14 00:46:54,889:__main__: INFO : Running game..
2019-07-14 00:46:56,903:__main__: INFO : Profile successfully created!
2019-07-14 00:48:50,633:__main__: WARNING : Trying to import pygame
2019-07-14 00:48:50,633:__main__: INFO : Pygame not installed
2019-07-14 00:49:14,648:__main__: WARNING : Trying to import pygame
2019-07-14 00:49:15,920:__main__: INFO : Success..
2019-07-14 00:49:15,920:__main__: INFO : Running game..
2019-07-14 00:49:19,663:__main__: INFO : Profile successfully created!
2019-07-14 00:49:36,143:__main__: ERROR : Could not connect: Server Offline
2019-07-14 00:49:55,197:__main__: ERROR : Could not connect: Server Offline
2019-07-14 12:01:00,069:__main__: WARNING : Trying to import pygame
2019-07-14 12:01:00,116:__main__: INFO : Success..
2019-07-14 12:01:00,116:__main__: INFO : Running game..
2019-07-14 12:01:03,120:__main__: INFO : Profile successfully created!
2019-07-14 12:06:58,656:__main__: WARNING : Trying to import pygame
2019-07-14 12:07:01,387:__main__: INFO : Success..
2019-07-14 12:07:01,388:__main__: INFO : Running game..
2019-07-14 12:07:02,708:__main__: INFO : Profile successfully created!
2019-07-14 12:07:40,818:__main__: ERROR : Could not connect: Server Offline
2019-07-14 12:08:22,704:__main__: WARNING : Trying to import pygame
2019-07-14 12:08:22,887:__main__: INFO : Success..
2019-07-14 12:08:22,888:__main__: INFO : Running game..
2019-07-14 12:08:24,765:__main__: INFO : Profile successfully created!
2019-07-14 12:09:34,476:__main__: ERROR : Could not connect: Server Offline
2019-07-14 12:12:24,711:__main__: WARNING : Trying to import pygame
2019-07-14 12:12:24,833:__main__: INFO : Success..
2019-07-14 12:12:24,834:__main__: INFO : Running game..
2019-07-14 12:12:25,929:__main__: INFO : Profile successfully created!
2019-07-14 12:14:29,657:__main__: WARNING : Trying to import pygame
2019-07-14 12:14:29,764:__main__: INFO : Success..
2019-07-14 12:14:29,765:__main__: INFO : Running game..
2019-07-14 12:14:31,059:__main__: INFO : Profile successfully created!
2019-07-14 12:16:22,406:__main__: WARNING : Trying to import pygame
2019-07-14 12:16:22,452:__main__: INFO : Success..
2019-07-14 12:16:22,453:__main__: INFO : Running game..
2019-07-14 12:16:23,434:__main__: INFO : Profile successfully created!
2019-07-14 12:16:47,778:__main__: WARNING : Trying to import pygame
2019-07-14 12:16:47,862:__main__: INFO : Success..
2019-07-14 12:16:47,863:__main__: INFO : Running game..
2019-07-14 12:16:48,722:__main__: INFO : Profile successfully created!
2019-07-14 12:24:57,286:__main__: WARNING : Trying to import pygame
2019-07-14 12:24:57,469:__main__: INFO : Success..
2019-07-14 12:24:57,470:__main__: INFO : Running game..
2019-07-14 12:24:58,326:__main__: INFO : Profile successfully created!
2019-07-14 12:26:43,923:__main__: WARNING : Trying to import pygame
2019-07-14 12:26:43,970:__main__: INFO : Success..
2019-07-14 12:26:43,970:__main__: INFO : Running game..
2019-07-14 12:26:45,146:__main__: INFO : Profile successfully created!
2019-07-14 12:26:49,681:__main__: ERROR : Could not connect: Server Offline
2019-07-14 12:26:50,622:__main__: ERROR : Could not connect: Server Offline
2019-07-14 12:26:58,319:__main__: WARNING : Trying to import pygame
2019-07-14 12:26:58,372:__main__: INFO : Success..
2019-07-14 12:26:58,373:__main__: INFO : Running game..
2019-07-14 12:26:59,631:__main__: INFO : Profile successfully created!
2019-07-14 12:27:11,789:__main__: ERROR : Could not connect: Server Offline
2019-07-14 12:27:15,873:__main__: WARNING : Trying to import pygame
2019-07-14 12:27:16,026:__main__: INFO : Success..
2019-07-14 12:27:16,027:__main__: INFO : Running game..
2019-07-14 12:27:17,902:__main__: INFO : Profile successfully created!
2019-07-14 12:27:22,951:__main__: ERROR : Could not connect: Server Offline
2019-07-14 12:27:23,584:__main__: ERROR : Could not connect: Server Offline
2019-07-14 12:27:24,003:__main__: ERROR : Could not connect: Server Offline
2019-07-14 12:27:24,161:__main__: ERROR : Could not connect: Server Offline
2019-07-14 12:27:24,314:__main__: ERROR : Could not connect: Server Offline
2019-07-14 12:27:24,452:__main__: ERROR : Could not connect: Server Offline
2019-07-14 12:29:49,505:__main__: WARNING : Trying to import pygame
2019-07-14 12:29:49,549:__main__: INFO : Success..
2019-07-14 12:29:49,550:__main__: INFO : Running game..
2019-07-14 12:29:51,404:__main__: INFO : Profile successfully created!
2019-07-14 12:29:52,259:__main__: INFO : No IP specified. Defaulting to localhost...
2019-07-14 12:29:53,998:__main__: INFO : No port specified. Default port: 5555
2019-07-14 12:29:57,729:__main__: ERROR : Could not connect: Server Offline
2019-07-14 14:39:04,963:__main__: WARNING : Trying to import pygame
2019-07-14 14:39:06,260:__main__: INFO : Success..
2019-07-14 14:39:06,260:__main__: INFO : Running game..
2019-07-14 14:39:07,837:__main__: INFO : Profile successfully created!
2019-07-14 15:30:50,820:__main__: WARNING : Trying to import pygame
2019-07-14 15:30:50,867:__main__: INFO : Success..
2019-07-14 15:30:50,867:__main__: INFO : Running game..
2019-07-14 15:30:54,320:__main__: INFO : Profile successfully created!
2019-07-14 15:32:39,727:__main__: ERROR : Could not connect: Server Offline
2019-07-14 15:32:53,457:__main__: WARNING : Trying to import pygame
2019-07-14 15:32:53,504:__main__: INFO : Success..
2019-07-14 15:32:53,504:__main__: INFO : Running game..
2019-07-14 15:32:57,316:__main__: INFO : Profile successfully created!
2019-07-14 15:36:17,007:__main__: ERROR : Could not connect: Server Offline
2019-07-14 15:37:23,946:__main__: WARNING : Trying to import pygame
2019-07-14 15:37:23,992:__main__: INFO : Success..
2019-07-14 15:37:23,992:__main__: INFO : Running game..
2019-07-14 15:37:30,481:__main__: INFO : Profile successfully created!
2019-07-14 15:37:34,305:__main__: INFO : No port specified. Default port: 5555
2019-07-14 15:37:37,258:__main__: WARNING : Trying to import pygame
2019-07-14 15:37:37,300:__main__: INFO : Success..
2019-07-14 15:37:37,301:__main__: INFO : Running game..
2019-07-14 15:37:38,619:__main__: INFO : Profile successfully created!
2019-07-14 23:45:14,019:__main__: WARNING : Trying to import pygame
2019-07-14 23:45:16,222:__main__: INFO : Success..
2019-07-14 23:45:16,222:__main__: INFO : Running game..
2019-07-14 23:45:18,131:__main__: INFO : Profile successfully created!
2019-07-14 23:45:19,655:__main__: INFO : No IP specified. Defaulting to localhost...
2019-07-14 23:45:20,129:__main__: INFO : No port specified. Default port: 5555
2019-07-14 23:45:25,480:__main__: ERROR : Could not connect: Server Offline
2019-07-14 23:49:11,397:__main__: WARNING : Trying to import pygame
2019-07-14 23:49:11,442:__main__: INFO : Success..
2019-07-14 23:49:11,442:__main__: INFO : Running game..
2019-07-14 23:49:12,521:__main__: INFO : Profile successfully created!
2019-07-14 23:49:13,022:__main__: INFO : No IP specified. Defaulting to localhost...
2019-07-14 23:49:13,437:__main__: INFO : No port specified. Default port: 5555
2019-07-14 23:49:15,246:__main__: ERROR : Could not connect: Server Offline
2019-07-16 16:33:31,559:__main__: WARNING : Trying to import pygame
2019-07-16 16:33:35,108:__main__: INFO : Success..
2019-07-16 16:33:35,109:__main__: INFO : Running game..
2019-07-16 16:33:40,721:__main__: INFO : Profile successfully created!
2019-07-16 16:33:43,586:__main__: INFO : No IP specified. Defaulting to localhost...
2019-07-16 16:33:45,151:__main__: INFO : No port specified. Default port: 5555
2019-07-16 16:37:48,360:__main__: WARNING : Trying to import pygame
2019-07-16 16:37:48,405:__main__: INFO : Success..
2019-07-16 16:37:48,405:__main__: INFO : Running game..
2019-07-16 16:37:49,876:__main__: INFO : Profile successfully created!
